==== git clone 시작: Tue 23 Jun 02:11:03 BST 2026 ====
--- foonathan_memory_vendor (master) ---
Cloning into 'foonathan_memory_vendor'...
--- Fast-CDR v2.3.6 ---
Cloning into 'Fast-CDR'...
Note: switching to 'd7219391608ae8cd7971e761206dc020098bacb3'.

You are in 'detached HEAD' state. You can look around, make experimental
changes and commit them, and you can discard any commits you make in this
state without impacting any branches by switching back to a branch.

If you want to create a new branch to retain commits you create, you may
do so (now or later) by using -c with the switch command. Example:

  git switch -c <new-branch-name>

Or undo this operation with:

  git switch -

Turn off this advice by setting config variable advice.detachedHead to false

--- Fast-DDS v3.6.1 ---
Cloning into 'Fast-DDS'...
Note: switching to '4e81e8b71bcd6e7c5213c000503cba8e49d6022a'.

You are in 'detached HEAD' state. You can look around, make experimental
changes and commit them, and you can discard any commits you make in this
state without impacting any branches by switching back to a branch.

If you want to create a new branch to retain commits you create, you may
do so (now or later) by using -c with the switch command. Example:

  git switch -c <new-branch-name>

Or undo this operation with:

  git switch -

Turn off this advice by setting config variable advice.detachedHead to false

==== clone 완료: Tue 23 Jun 02:11:09 BST 2026 ====
total 20
drwxr-xr-x  5 lihan lihan 4096 Jun 23 02:11 .
drwx------ 39 lihan lihan 4096 Jun 23 02:09 ..
drwxr-xr-x 11 lihan lihan 4096 Jun 23 02:11 Fast-CDR
drwxr-xr-x 15 lihan lihan 4096 Jun 23 02:11 Fast-DDS
drwxr-xr-x  3 lihan lihan 4096 Jun 23 02:11 foonathan_memory_vendor
