===== foonathan_memory build/install (RPI4) — Tue 23 Jun 04:19:10 BST 2026 =====
-- The C compiler identification is GNU 12.2.0
-- The CXX compiler identification is GNU 12.2.0
-- Detecting C compiler ABI info
-- Detecting C compiler ABI info - done
-- Check for working C compiler: /usr/bin/cc - skipped
-- Detecting C compile features
-- Detecting C compile features - done
-- Detecting CXX compiler ABI info
-- Detecting CXX compiler ABI info - done
-- Check for working CXX compiler: /usr/bin/c++ - skipped
-- Detecting CXX compile features
-- Detecting CXX compile features - done
foonathan_memory not found.
-- Configuring done
-- Generating done
-- Build files have been written to: /home/lihan/fastdds_ws/foonathan_memory_vendor/build
--- configure rc=0 ---
[ 12%] Creating directories for 'foo_mem-ext'
[ 25%] Performing download step (git clone) for 'foo_mem-ext'
Cloning into 'foo_mem-ext'...
HEAD is now at 1de8562 Avoid using `__func__`
[ 37%] No update step for 'foo_mem-ext'
[ 50%] No patch step for 'foo_mem-ext'
[ 62%] Performing configure step for 'foo_mem-ext'
-- The C compiler identification is GNU 12.2.0
-- The CXX compiler identification is GNU 12.2.0
-- Detecting C compiler ABI info
-- Detecting C compiler ABI info - done
-- Check for working C compiler: /usr/bin/cc - skipped
-- Detecting C compile features
-- Detecting C compile features - done
-- Detecting CXX compiler ABI info
-- Detecting CXX compiler ABI info - done
-- Check for working CXX compiler: /usr/bin/c++ - skipped
-- Detecting CXX compile features
-- Detecting CXX compile features - done
-- Performing Test HAVE_CXX_ATOMIC_NOFLAG
-- Performing Test HAVE_CXX_ATOMIC_NOFLAG - Success
-- Getting container node sizes
-- Configuring done
-- Generating done
-- Build files have been written to: /home/lihan/fastdds_ws/foonathan_memory_vendor/build/foo_mem-ext-prefix/src/foo_mem-ext-build
[ 75%] Performing build step for 'foo_mem-ext'
[  4%] Building CXX object src/CMakeFiles/foonathan_memory.dir/detail/align.cpp.o
[  9%] Building CXX object src/CMakeFiles/foonathan_memory.dir/detail/debug_helpers.cpp.o
[ 13%] Building CXX object src/CMakeFiles/foonathan_memory.dir/detail/assert.cpp.o
[ 18%] Building CXX object tool/CMakeFiles/foonathan_memory_node_size_debugger.dir/node_size_debugger.cpp.o
[ 22%] Building CXX object src/CMakeFiles/foonathan_memory.dir/detail/free_list.cpp.o
[ 27%] Building CXX object src/CMakeFiles/foonathan_memory.dir/detail/free_list_array.cpp.o
[ 31%] Building CXX object src/CMakeFiles/foonathan_memory.dir/detail/small_free_list.cpp.o
[ 36%] Building CXX object src/CMakeFiles/foonathan_memory.dir/debugging.cpp.o
[ 40%] Building CXX object src/CMakeFiles/foonathan_memory.dir/error.cpp.o
[ 45%] Building CXX object src/CMakeFiles/foonathan_memory.dir/heap_allocator.cpp.o
[ 50%] Building CXX object src/CMakeFiles/foonathan_memory.dir/iteration_allocator.cpp.o
[ 54%] Building CXX object src/CMakeFiles/foonathan_memory.dir/malloc_allocator.cpp.o
[ 59%] Building CXX object src/CMakeFiles/foonathan_memory.dir/memory_arena.cpp.o
[ 63%] Building CXX object src/CMakeFiles/foonathan_memory.dir/memory_pool.cpp.o
[ 68%] Building CXX object src/CMakeFiles/foonathan_memory.dir/memory_pool_collection.cpp.o
In file included from /usr/include/c++/12/bits/stl_algobase.h:64,
                 from /usr/include/c++/12/string:50,
                 from /usr/include/c++/12/bits/locale_classes.h:40,
                 from /usr/include/c++/12/bits/ios_base.h:41,
                 from /usr/include/c++/12/ios:42,
                 from /usr/include/c++/12/istream:38,
                 from /usr/include/c++/12/fstream:38,
                 from /home/lihan/fastdds_ws/foonathan_memory_vendor/build/foo_mem-ext-prefix/src/foo_mem-ext/tool/node_size_debugger.cpp:6:
/usr/include/c++/12/bits/stl_pair.h: In instantiation of ‘constexpr std::pair<typename std::__strip_reference_wrapper<typename std::decay<_Tp>::type>::__type, typename std::__strip_reference_wrapper<typename std::decay<_Tp2>::type>::__type> std::make_pair(_T1&&, _T2&&) [with _T1 = long double; _T2 = long double; typename __strip_reference_wrapper<typename decay<_Tp2>::type>::__type = long double; typename decay<_Tp2>::type = long double; typename __strip_reference_wrapper<typename decay<_Tp>::type>::__type = long double; typename decay<_Tp>::type = long double]’:
/home/lihan/fastdds_ws/foonathan_memory_vendor/build/foo_mem-ext-prefix/src/foo_mem-ext/tool/node_size_debugger.hpp:205:34:   required from ‘std::size_t debug_map::debug() [with T = long double; std::size_t = long unsigned int]’
/home/lihan/fastdds_ws/foonathan_memory_vendor/build/foo_mem-ext-prefix/src/foo_mem-ext/tool/node_size_debugger.hpp:321:38:   required from ‘std::size_t debug_single(Debugger) [with T = long double; Debugger = debug_map; std::size_t = long unsigned int]’
/home/lihan/fastdds_ws/foonathan_memory_vendor/build/foo_mem-ext-prefix/src/foo_mem-ext/tool/node_size_debugger.hpp:342:75:   required from ‘node_size_map debug_impl(Debugger, std::tuple<_UTypes ...>) [with Debugger = debug_map; Types = {char, short int, int, long int, long double}; node_size_map = std::map<long unsigned int, long unsigned int>]’
/home/lihan/fastdds_ws/foonathan_memory_vendor/build/foo_mem-ext-prefix/src/foo_mem-ext/tool/node_size_debugger.hpp:350:40:   required from ‘debug_result debug(Debugger) [with Debugger = debug_map]’
/home/lihan/fastdds_ws/foonathan_memory_vendor/build/foo_mem-ext-prefix/src/foo_mem-ext/tool/node_size_debugger.cpp:133:21:   required from ‘int serialize_impl(const Serializer&) [with Debugger = debug_map; Serializer = simple_serializer]’
/home/lihan/fastdds_ws/foonathan_memory_vendor/build/foo_mem-ext-prefix/src/foo_mem-ext/tool/node_size_debugger.cpp:140:45:   required from ‘void serialize_impl(const Serializer&, std::tuple<_UTypes ...>) [with Serializer = simple_serializer; Debuggers = {debug_forward_list, debug_list, debug_set, debug_multiset, debug_unordered_set, debug_unordered_multiset, debug_map, debug_multimap, debug_unordered_map, debug_unordered_multimap, debug_shared_ptr_stateless, debug_shared_ptr_stateful}]’
/home/lihan/fastdds_ws/foonathan_memory_vendor/build/foo_mem-ext-prefix/src/foo_mem-ext/tool/node_size_debugger.cpp:148:19:   required from ‘void serialize(const Serializer&) [with Serializer = simple_serializer]’
/home/lihan/fastdds_ws/foonathan_memory_vendor/build/foo_mem-ext-prefix/src/foo_mem-ext/tool/node_size_debugger.cpp:203:18:   required from here
/usr/include/c++/12/bits/stl_pair.h:741:5: note: parameter passing for argument of type ‘std::pair<long double, long double>’ when C++17 is enabled changed to match C++14 in GCC 10.1
  741 |     make_pair(_T1&& __x, _T2&& __y)
      |     ^~~~~~~~~
[ 72%] Building CXX object src/CMakeFiles/foonathan_memory.dir/memory_stack.cpp.o
[ 77%] Building CXX object src/CMakeFiles/foonathan_memory.dir/new_allocator.cpp.o
[ 81%] Building CXX object src/CMakeFiles/foonathan_memory.dir/static_allocator.cpp.o
[ 86%] Building CXX object src/CMakeFiles/foonathan_memory.dir/temporary_allocator.cpp.o
[ 90%] Building CXX object src/CMakeFiles/foonathan_memory.dir/virtual_memory.cpp.o
[ 95%] Linking CXX static library libfoonathan_memory-0.7.4.a
[ 95%] Built target foonathan_memory
[100%] Linking CXX executable nodesize_dbg
[100%] Built target foonathan_memory_node_size_debugger
[ 87%] Performing install step for 'foo_mem-ext'
[  9%] Built target foonathan_memory_node_size_debugger
[100%] Built target foonathan_memory
Install the project...
-- Install configuration: "Release"
-- Installing: /home/lihan/fastdds_ws/foonathan_memory_vendor/build/foo_mem_ext_prj_install/lib/libfoonathan_memory-0.7.4.a
-- Installing: /home/lihan/fastdds_ws/foonathan_memory_vendor/build/foo_mem_ext_prj_install/include/foonathan/memory/config_impl.hpp
-- Installing: /home/lihan/fastdds_ws/foonathan_memory_vendor/build/foo_mem_ext_prj_install/include/foonathan/memory/detail/container_node_sizes_impl.hpp
-- Installing: /home/lihan/fastdds_ws/foonathan_memory_vendor/build/foo_mem_ext_prj_install/include/foonathan/memory/aligned_allocator.hpp
-- Installing: /home/lihan/fastdds_ws/foonathan_memory_vendor/build/foo_mem_ext_prj_install/include/foonathan/memory/allocator_storage.hpp
-- Installing: /home/lihan/fastdds_ws/foonathan_memory_vendor/build/foo_mem_ext_prj_install/include/foonathan/memory/allocator_traits.hpp
-- Installing: /home/lihan/fastdds_ws/foonathan_memory_vendor/build/foo_mem_ext_prj_install/include/foonathan/memory/config.hpp
-- Installing: /home/lihan/fastdds_ws/foonathan_memory_vendor/build/foo_mem_ext_prj_install/include/foonathan/memory/container.hpp
-- Installing: /home/lihan/fastdds_ws/foonathan_memory_vendor/build/foo_mem_ext_prj_install/include/foonathan/memory/debugging.hpp
-- Installing: /home/lihan/fastdds_ws/foonathan_memory_vendor/build/foo_mem_ext_prj_install/include/foonathan/memory/default_allocator.hpp
-- Installing: /home/lihan/fastdds_ws/foonathan_memory_vendor/build/foo_mem_ext_prj_install/include/foonathan/memory/deleter.hpp
-- Installing: /home/lihan/fastdds_ws/foonathan_memory_vendor/build/foo_mem_ext_prj_install/include/foonathan/memory/error.hpp
-- Installing: /home/lihan/fastdds_ws/foonathan_memory_vendor/build/foo_mem_ext_prj_install/include/foonathan/memory/fallback_allocator.hpp
-- Installing: /home/lihan/fastdds_ws/foonathan_memory_vendor/build/foo_mem_ext_prj_install/include/foonathan/memory/malloc_allocator.hpp
-- Installing: /home/lihan/fastdds_ws/foonathan_memory_vendor/build/foo_mem_ext_prj_install/include/foonathan/memory/heap_allocator.hpp
-- Installing: /home/lihan/fastdds_ws/foonathan_memory_vendor/build/foo_mem_ext_prj_install/include/foonathan/memory/iteration_allocator.hpp
-- Installing: /home/lihan/fastdds_ws/foonathan_memory_vendor/build/foo_mem_ext_prj_install/include/foonathan/memory/joint_allocator.hpp
-- Installing: /home/lihan/fastdds_ws/foonathan_memory_vendor/build/foo_mem_ext_prj_install/include/foonathan/memory/memory_arena.hpp
-- Installing: /home/lihan/fastdds_ws/foonathan_memory_vendor/build/foo_mem_ext_prj_install/include/foonathan/memory/memory_pool.hpp
-- Installing: /home/lihan/fastdds_ws/foonathan_memory_vendor/build/foo_mem_ext_prj_install/include/foonathan/memory/memory_pool_collection.hpp
-- Installing: /home/lihan/fastdds_ws/foonathan_memory_vendor/build/foo_mem_ext_prj_install/include/foonathan/memory/memory_pool_type.hpp
-- Installing: /home/lihan/fastdds_ws/foonathan_memory_vendor/build/foo_mem_ext_prj_install/include/foonathan/memory/memory_resource_adapter.hpp
-- Installing: /home/lihan/fastdds_ws/foonathan_memory_vendor/build/foo_mem_ext_prj_install/include/foonathan/memory/memory_stack.hpp
-- Installing: /home/lihan/fastdds_ws/foonathan_memory_vendor/build/foo_mem_ext_prj_install/include/foonathan/memory/namespace_alias.hpp
-- Installing: /home/lihan/fastdds_ws/foonathan_memory_vendor/build/foo_mem_ext_prj_install/include/foonathan/memory/new_allocator.hpp
-- Installing: /home/lihan/fastdds_ws/foonathan_memory_vendor/build/foo_mem_ext_prj_install/include/foonathan/memory/segregator.hpp
-- Installing: /home/lihan/fastdds_ws/foonathan_memory_vendor/build/foo_mem_ext_prj_install/include/foonathan/memory/smart_ptr.hpp
-- Installing: /home/lihan/fastdds_ws/foonathan_memory_vendor/build/foo_mem_ext_prj_install/include/foonathan/memory/static_allocator.hpp
-- Installing: /home/lihan/fastdds_ws/foonathan_memory_vendor/build/foo_mem_ext_prj_install/include/foonathan/memory/std_allocator.hpp
-- Installing: /home/lihan/fastdds_ws/foonathan_memory_vendor/build/foo_mem_ext_prj_install/include/foonathan/memory/temporary_allocator.hpp
-- Installing: /home/lihan/fastdds_ws/foonathan_memory_vendor/build/foo_mem_ext_prj_install/include/foonathan/memory/threading.hpp
-- Installing: /home/lihan/fastdds_ws/foonathan_memory_vendor/build/foo_mem_ext_prj_install/include/foonathan/memory/tracking.hpp
-- Installing: /home/lihan/fastdds_ws/foonathan_memory_vendor/build/foo_mem_ext_prj_install/include/foonathan/memory/virtual_memory.hpp
-- Installing: /home/lihan/fastdds_ws/foonathan_memory_vendor/build/foo_mem_ext_prj_install/include/foonathan/memory/container_node_sizes_impl.hpp
-- Installing: /home/lihan/fastdds_ws/foonathan_memory_vendor/build/foo_mem_ext_prj_install/include/foonathan/memory/detail/align.hpp
-- Installing: /home/lihan/fastdds_ws/foonathan_memory_vendor/build/foo_mem_ext_prj_install/include/foonathan/memory/detail/assert.hpp
-- Installing: /home/lihan/fastdds_ws/foonathan_memory_vendor/build/foo_mem_ext_prj_install/include/foonathan/memory/detail/container_node_sizes.hpp
-- Installing: /home/lihan/fastdds_ws/foonathan_memory_vendor/build/foo_mem_ext_prj_install/include/foonathan/memory/detail/debug_helpers.hpp
-- Installing: /home/lihan/fastdds_ws/foonathan_memory_vendor/build/foo_mem_ext_prj_install/include/foonathan/memory/detail/ebo_storage.hpp
-- Installing: /home/lihan/fastdds_ws/foonathan_memory_vendor/build/foo_mem_ext_prj_install/include/foonathan/memory/detail/free_list.hpp
-- Installing: /home/lihan/fastdds_ws/foonathan_memory_vendor/build/foo_mem_ext_prj_install/include/foonathan/memory/detail/free_list_array.hpp
-- Installing: /home/lihan/fastdds_ws/foonathan_memory_vendor/build/foo_mem_ext_prj_install/include/foonathan/memory/detail/ilog2.hpp
-- Installing: /home/lihan/fastdds_ws/foonathan_memory_vendor/build/foo_mem_ext_prj_install/include/foonathan/memory/detail/lowlevel_allocator.hpp
-- Installing: /home/lihan/fastdds_ws/foonathan_memory_vendor/build/foo_mem_ext_prj_install/include/foonathan/memory/detail/memory_stack.hpp
-- Installing: /home/lihan/fastdds_ws/foonathan_memory_vendor/build/foo_mem_ext_prj_install/include/foonathan/memory/detail/small_free_list.hpp
-- Installing: /home/lihan/fastdds_ws/foonathan_memory_vendor/build/foo_mem_ext_prj_install/include/foonathan/memory/detail/utility.hpp
-- Installing: /home/lihan/fastdds_ws/foonathan_memory_vendor/build/foo_mem_ext_prj_install/lib/foonathan_memory/cmake/foonathan_memory-config-version.cmake
-- Installing: /home/lihan/fastdds_ws/foonathan_memory_vendor/build/foo_mem_ext_prj_install/bin/nodesize_dbg
-- Installing: /home/lihan/fastdds_ws/foonathan_memory_vendor/build/foo_mem_ext_prj_install/share/foonathan_memory/LICENSE
-- Installing: /home/lihan/fastdds_ws/foonathan_memory_vendor/build/foo_mem_ext_prj_install/share/foonathan_memory/README.md
-- Installing: /home/lihan/fastdds_ws/foonathan_memory_vendor/build/foo_mem_ext_prj_install/lib/foonathan_memory/cmake/foonathan_memory-config.cmake
-- Installing: /home/lihan/fastdds_ws/foonathan_memory_vendor/build/foo_mem_ext_prj_install/lib/foonathan_memory/cmake/foonathan_memory-config-release.cmake
[100%] Completed 'foo_mem-ext'
[100%] Built target foo_mem-ext
--- build rc=0 ---
-- Install configuration: "Release"
-- Up-to-date: /usr/local
-- Up-to-date: /usr/local/share
-- Installing: /usr/local/share/foonathan_memory
-- Installing: /usr/local/share/foonathan_memory/README.md
-- Installing: /usr/local/share/foonathan_memory/LICENSE
-- Up-to-date: /usr/local/bin
-- Installing: /usr/local/bin/nodesize_dbg
-- Up-to-date: /usr/local/lib
-- Installing: /usr/local/lib/libfoonathan_memory-0.7.4.a
-- Installing: /usr/local/lib/foonathan_memory
-- Installing: /usr/local/lib/foonathan_memory/cmake
-- Installing: /usr/local/lib/foonathan_memory/cmake/foonathan_memory-config-release.cmake
-- Installing: /usr/local/lib/foonathan_memory/cmake/foonathan_memory-config-version.cmake
-- Installing: /usr/local/lib/foonathan_memory/cmake/foonathan_memory-config.cmake
-- Up-to-date: /usr/local/include
-- Installing: /usr/local/include/foonathan
-- Installing: /usr/local/include/foonathan/memory
-- Installing: /usr/local/include/foonathan/memory/virtual_memory.hpp
-- Installing: /usr/local/include/foonathan/memory/static_allocator.hpp
-- Installing: /usr/local/include/foonathan/memory/config.hpp
-- Installing: /usr/local/include/foonathan/memory/std_allocator.hpp
-- Installing: /usr/local/include/foonathan/memory/memory_pool_collection.hpp
-- Installing: /usr/local/include/foonathan/memory/namespace_alias.hpp
-- Installing: /usr/local/include/foonathan/memory/allocator_traits.hpp
-- Installing: /usr/local/include/foonathan/memory/error.hpp
-- Installing: /usr/local/include/foonathan/memory/memory_resource_adapter.hpp
-- Installing: /usr/local/include/foonathan/memory/memory_stack.hpp
-- Installing: /usr/local/include/foonathan/memory/temporary_allocator.hpp
-- Installing: /usr/local/include/foonathan/memory/threading.hpp
-- Installing: /usr/local/include/foonathan/memory/allocator_storage.hpp
-- Installing: /usr/local/include/foonathan/memory/aligned_allocator.hpp
-- Installing: /usr/local/include/foonathan/memory/joint_allocator.hpp
-- Installing: /usr/local/include/foonathan/memory/memory_pool.hpp
-- Installing: /usr/local/include/foonathan/memory/config_impl.hpp
-- Installing: /usr/local/include/foonathan/memory/new_allocator.hpp
-- Installing: /usr/local/include/foonathan/memory/malloc_allocator.hpp
-- Installing: /usr/local/include/foonathan/memory/smart_ptr.hpp
-- Installing: /usr/local/include/foonathan/memory/tracking.hpp
-- Installing: /usr/local/include/foonathan/memory/memory_arena.hpp
-- Installing: /usr/local/include/foonathan/memory/heap_allocator.hpp
-- Installing: /usr/local/include/foonathan/memory/default_allocator.hpp
-- Installing: /usr/local/include/foonathan/memory/container.hpp
-- Installing: /usr/local/include/foonathan/memory/iteration_allocator.hpp
-- Installing: /usr/local/include/foonathan/memory/deleter.hpp
-- Installing: /usr/local/include/foonathan/memory/fallback_allocator.hpp
-- Installing: /usr/local/include/foonathan/memory/debugging.hpp
-- Installing: /usr/local/include/foonathan/memory/container_node_sizes_impl.hpp
-- Installing: /usr/local/include/foonathan/memory/detail
-- Installing: /usr/local/include/foonathan/memory/detail/assert.hpp
-- Installing: /usr/local/include/foonathan/memory/detail/memory_stack.hpp
-- Installing: /usr/local/include/foonathan/memory/detail/free_list_array.hpp
-- Installing: /usr/local/include/foonathan/memory/detail/utility.hpp
-- Installing: /usr/local/include/foonathan/memory/detail/lowlevel_allocator.hpp
-- Installing: /usr/local/include/foonathan/memory/detail/container_node_sizes.hpp
-- Installing: /usr/local/include/foonathan/memory/detail/ilog2.hpp
-- Installing: /usr/local/include/foonathan/memory/detail/ebo_storage.hpp
-- Installing: /usr/local/include/foonathan/memory/detail/debug_helpers.hpp
-- Installing: /usr/local/include/foonathan/memory/detail/align.hpp
-- Installing: /usr/local/include/foonathan/memory/detail/free_list.hpp
-- Installing: /usr/local/include/foonathan/memory/detail/container_node_sizes_impl.hpp
-- Installing: /usr/local/include/foonathan/memory/detail/small_free_list.hpp
-- Installing: /usr/local/include/foonathan/memory/memory_pool_type.hpp
-- Installing: /usr/local/include/foonathan/memory/segregator.hpp
-- Installing: /usr/local/share/foonathan_memory_vendor/package.xml
-- Installing: /usr/local/share/foonathan_memory_vendor/cmake/foonathan_memory_vendorConfig.cmake
-- Installing: /usr/local/share/foonathan_memory_vendor/cmake/foonathan_memory_vendorConfig-version.cmake
--- install rc=0 ---
===== done =====
-rw-r--r-- 1 root root 767756 Jun 23 04:20 /usr/local/lib/libfoonathan_memory-0.7.4.a
