===== Fast-DDS v3.6.1 CONFIGURE (RPI4) — Tue 23 Jun 04:21:01 BST 2026 =====
-- The C compiler identification is GNU 12.2.0
-- The CXX compiler identification is GNU 12.2.0
-- Detecting C compiler ABI info
-- Detecting C compiler ABI info - done
-- Check for working C compiler: /usr/bin/cc - skipped
-- Detecting C compile features
-- Detecting C compile features - done
-- Detecting CXX compiler ABI info
-- Detecting CXX compiler ABI info - done
-- Check for working CXX compiler: /usr/bin/c++ - skipped
-- Detecting CXX compile features
-- Detecting CXX compile features - done
-- Version: 3.6.1.0
-- Performing Test SUPPORTS_NOTFOUND
-- Performing Test SUPPORTS_NOTFOUND - Success
-- Enforced cxx_std_11 CMake feature
-- Setting warnings as errors...
-- Found fastcdr
-- Found Asio 1.22.1: /usr/include
-- Found Asio
-- Found TinyXML2: /usr/lib/aarch64-linux-gnu/cmake/tinyxml2
-- Found TinyXML2
-- Found foonathan_memory: /usr/local/lib/foonathan_memory/cmake
-- Looking for pthread.h
-- Looking for pthread.h - found
-- Looking for pthread_kill
-- Looking for pthread_kill - not found
-- Looking for pthread_create in pthreads
-- Looking for pthread_create in pthreads - not found
-- Looking for pthread_create in pthread
-- Looking for pthread_create in pthread - found
-- Found Threads: TRUE  
-- Thirdparty/boost compiled OK
-- Found OpenSSL: /usr/lib/aarch64-linux-gnu/libcrypto.so (found version "3.0.20")  
-- OpenSSL library 3.0.20 found...
-- Not using a GNU compiler on Windows.
-- Performing Test ATOMIC_WITHOUT_LIB
-- Performing Test ATOMIC_WITHOUT_LIB - Success
-- Forcing third party shared_mutex
-- Performing Test HAS_VERSION_SCRIPT_SUPPORT
-- Performing Test HAS_VERSION_SCRIPT_SUPPORT - Success
-- Using linker version script to select exported symbols
-- Enforced cxx_std_14 CMake feature
-- EPROSIMA_TEST_DNS_NOT_SET_UP: '2'
-- Configuring done
-- Generating done
-- Build files have been written to: /home/lihan/fastdds_ws/Fast-DDS/build
--- configure rc=0 ---

===== Fast-DDS v3.6.1 BUILD (RPI4, --parallel 2) — Tue 23 Jun 04:21:21 BST 2026 =====
/bin/bash: line 17: /usr/bin/time: No such file or directory
--- build rc=127 ---
===== BUILD FINISHED — Tue 23 Jun 04:21:21 BST 2026 =====

===== Fast-DDS v3.6.1 BUILD retry (RPI4, --parallel 2) — Tue 23 Jun 04:21:41 BST 2026 =====
[  1%] Building CXX object src/cpp/CMakeFiles/fastdds.dir/fastdds/topic/DDSSQLFilter/DDSFilterCompoundCondition.cpp.o
[  1%] Building CXX object src/cpp/CMakeFiles/fastdds.dir/fastdds/topic/DDSSQLFilter/DDSFilterExpression.cpp.o
[  1%] Building CXX object src/cpp/CMakeFiles/fastdds.dir/fastdds/topic/DDSSQLFilter/DDSFilterExpressionParser.cpp.o
[  1%] Building CXX object src/cpp/CMakeFiles/fastdds.dir/fastdds/topic/DDSSQLFilter/DDSFilterFactory.cpp.o
[  2%] Building CXX object src/cpp/CMakeFiles/fastdds.dir/fastdds/topic/DDSSQLFilter/DDSFilterField.cpp.o
[  2%] Building CXX object src/cpp/CMakeFiles/fastdds.dir/fastdds/topic/DDSSQLFilter/DDSFilterParameter.cpp.o
[  3%] Building CXX object src/cpp/CMakeFiles/fastdds.dir/fastdds/topic/DDSSQLFilter/DDSFilterPredicate.cpp.o
[  3%] Building CXX object src/cpp/CMakeFiles/fastdds.dir/fastdds/topic/DDSSQLFilter/DDSFilterValue.cpp.o
[  4%] Building CXX object src/cpp/CMakeFiles/fastdds.dir/fastdds/builtin/type_lookup_service/detail/rpc_typesPubSubTypes.cxx.o
[  4%] Building CXX object src/cpp/CMakeFiles/fastdds.dir/fastdds/builtin/type_lookup_service/detail/TypeLookupTypesPubSubTypes.cxx.o
[  4%] Building CXX object src/cpp/CMakeFiles/fastdds.dir/fastdds/builtin/type_lookup_service/TypeLookupManager.cpp.o
[  5%] Building CXX object src/cpp/CMakeFiles/fastdds.dir/fastdds/builtin/type_lookup_service/TypeLookupRequestListener.cpp.o
[  5%] Building CXX object src/cpp/CMakeFiles/fastdds.dir/fastdds/builtin/type_lookup_service/TypeLookupReplyListener.cpp.o
[  6%] Building CXX object src/cpp/CMakeFiles/fastdds.dir/fastdds/core/condition/Condition.cpp.o
[  6%] Building CXX object src/cpp/CMakeFiles/fastdds.dir/fastdds/core/condition/ConditionNotifier.cpp.o
[  6%] Building CXX object src/cpp/CMakeFiles/fastdds.dir/fastdds/core/condition/GuardCondition.cpp.o
[  7%] Building CXX object src/cpp/CMakeFiles/fastdds.dir/fastdds/core/condition/StatusCondition.cpp.o
[  7%] Building CXX object src/cpp/CMakeFiles/fastdds.dir/fastdds/core/condition/StatusConditionImpl.cpp.o
[  8%] Building CXX object src/cpp/CMakeFiles/fastdds.dir/fastdds/core/condition/WaitSet.cpp.o
[  8%] Building CXX object src/cpp/CMakeFiles/fastdds.dir/fastdds/core/condition/WaitSetImpl.cpp.o
[  9%] Building CXX object src/cpp/CMakeFiles/fastdds.dir/fastdds/core/Entity.cpp.o
[  9%] Building CXX object src/cpp/CMakeFiles/fastdds.dir/fastdds/core/policy/ParameterList.cpp.o
[  9%] Building CXX object src/cpp/CMakeFiles/fastdds.dir/fastdds/core/policy/QosPolicyUtils.cpp.o
[ 10%] Building CXX object src/cpp/CMakeFiles/fastdds.dir/fastdds/core/Time_t.cpp.o
[ 10%] Building CXX object src/cpp/CMakeFiles/fastdds.dir/fastdds/domain/DomainParticipant.cpp.o
[ 11%] Building CXX object src/cpp/CMakeFiles/fastdds.dir/fastdds/domain/DomainParticipantFactory.cpp.o
[ 11%] Building CXX object src/cpp/CMakeFiles/fastdds.dir/fastdds/domain/DomainParticipantImpl.cpp.o
[ 11%] Building CXX object src/cpp/CMakeFiles/fastdds.dir/fastdds/domain/qos/DomainParticipantFactoryQos.cpp.o
[ 12%] Building CXX object src/cpp/CMakeFiles/fastdds.dir/fastdds/domain/qos/DomainParticipantQos.cpp.o
[ 12%] Building CXX object src/cpp/CMakeFiles/fastdds.dir/fastdds/log/FileConsumer.cpp.o
[ 13%] Building CXX object src/cpp/CMakeFiles/fastdds.dir/fastdds/log/Log.cpp.o
[ 13%] Building CXX object src/cpp/CMakeFiles/fastdds.dir/fastdds/log/OStreamConsumer.cpp.o
[ 14%] Building CXX object src/cpp/CMakeFiles/fastdds.dir/fastdds/log/StdoutConsumer.cpp.o
[ 14%] Building CXX object src/cpp/CMakeFiles/fastdds.dir/fastdds/log/StdoutErrConsumer.cpp.o
[ 14%] Building CXX object src/cpp/CMakeFiles/fastdds.dir/fastdds/publisher/DataWriter.cpp.o
[ 15%] Building CXX object src/cpp/CMakeFiles/fastdds.dir/fastdds/publisher/DataWriterHistory.cpp.o
[ 15%] Building CXX object src/cpp/CMakeFiles/fastdds.dir/fastdds/publisher/DataWriterImpl.cpp.o
[ 16%] Building CXX object src/cpp/CMakeFiles/fastdds.dir/fastdds/publisher/Publisher.cpp.o
[ 16%] Building CXX object src/cpp/CMakeFiles/fastdds.dir/fastdds/publisher/PublisherImpl.cpp.o
[ 16%] Building CXX object src/cpp/CMakeFiles/fastdds.dir/fastdds/publisher/qos/DataWriterQos.cpp.o
[ 17%] Building CXX object src/cpp/CMakeFiles/fastdds.dir/fastdds/publisher/qos/PublisherQos.cpp.o
[ 17%] Building CXX object src/cpp/CMakeFiles/fastdds.dir/fastdds/publisher/qos/WriterQos.cpp.o
[ 18%] Building CXX object src/cpp/CMakeFiles/fastdds.dir/fastdds/rpc/RPCTypeObjectSupport.cpp.o
[ 18%] Building CXX object src/cpp/CMakeFiles/fastdds.dir/fastdds/rpc/ServiceTypeSupport.cpp.o
[ 19%] Building CXX object src/cpp/CMakeFiles/fastdds.dir/fastdds/subscriber/DataReader.cpp.o
[ 19%] Building CXX object src/cpp/CMakeFiles/fastdds.dir/fastdds/subscriber/DataReaderImpl.cpp.o
[ 19%] Building CXX object src/cpp/CMakeFiles/fastdds.dir/fastdds/subscriber/history/DataReaderHistory.cpp.o
[ 20%] Building CXX object src/cpp/CMakeFiles/fastdds.dir/fastdds/subscriber/qos/DataReaderQos.cpp.o
[ 20%] Building CXX object src/cpp/CMakeFiles/fastdds.dir/fastdds/subscriber/qos/ReaderQos.cpp.o
[ 21%] Building CXX object src/cpp/CMakeFiles/fastdds.dir/fastdds/subscriber/qos/SubscriberQos.cpp.o
[ 21%] Building CXX object src/cpp/CMakeFiles/fastdds.dir/fastdds/subscriber/ReadCondition.cpp.o
[ 22%] Building CXX object src/cpp/CMakeFiles/fastdds.dir/fastdds/subscriber/Subscriber.cpp.o
[ 22%] Building CXX object src/cpp/CMakeFiles/fastdds.dir/fastdds/subscriber/SubscriberImpl.cpp.o
[ 22%] Building CXX object src/cpp/CMakeFiles/fastdds.dir/fastdds/topic/ContentFilteredTopic.cpp.o
[ 23%] Building CXX object src/cpp/CMakeFiles/fastdds.dir/fastdds/topic/ContentFilteredTopicImpl.cpp.o
[ 23%] Building CXX object src/cpp/CMakeFiles/fastdds.dir/fastdds/topic/qos/TopicQos.cpp.o
[ 24%] Building CXX object src/cpp/CMakeFiles/fastdds.dir/fastdds/topic/Topic.cpp.o
[ 24%] Building CXX object src/cpp/CMakeFiles/fastdds.dir/fastdds/topic/TopicImpl.cpp.o
[ 24%] Building CXX object src/cpp/CMakeFiles/fastdds.dir/fastdds/topic/TopicProxyFactory.cpp.o
[ 25%] Building CXX object src/cpp/CMakeFiles/fastdds.dir/fastdds/topic/TypeSupport.cpp.o
[ 25%] Building CXX object src/cpp/CMakeFiles/fastdds.dir/fastdds/utils/QosConverters.cpp.o
[ 26%] Building CXX object src/cpp/CMakeFiles/fastdds.dir/fastdds/utils/TypePropagation.cpp.o
[ 26%] Building CXX object src/cpp/CMakeFiles/fastdds.dir/fastdds/xtypes/dynamic_types/AnnotationDescriptorImpl.cpp.o
[ 27%] Building CXX object src/cpp/CMakeFiles/fastdds.dir/fastdds/xtypes/dynamic_types/DynamicDataFactory.cpp.o
[ 27%] Building CXX object src/cpp/CMakeFiles/fastdds.dir/fastdds/xtypes/dynamic_types/DynamicDataImpl.cpp.o
[ 27%] Building CXX object src/cpp/CMakeFiles/fastdds.dir/fastdds/xtypes/dynamic_types/DynamicDataFactoryImpl.cpp.o
[ 28%] Building CXX object src/cpp/CMakeFiles/fastdds.dir/fastdds/xtypes/dynamic_types/DynamicPubSubType.cpp.o
[ 28%] Building CXX object src/cpp/CMakeFiles/fastdds.dir/fastdds/xtypes/dynamic_types/DynamicTypeImpl.cpp.o
[ 29%] Building CXX object src/cpp/CMakeFiles/fastdds.dir/fastdds/xtypes/dynamic_types/DynamicTypeBuilderFactory.cpp.o
[ 29%] Building CXX object src/cpp/CMakeFiles/fastdds.dir/fastdds/xtypes/dynamic_types/DynamicTypeBuilderImpl.cpp.o
[ 29%] Building CXX object src/cpp/CMakeFiles/fastdds.dir/fastdds/xtypes/dynamic_types/DynamicTypeBuilderFactoryImpl.cpp.o
[ 30%] Building CXX object src/cpp/CMakeFiles/fastdds.dir/fastdds/xtypes/dynamic_types/DynamicTypeMemberImpl.cpp.o
[ 30%] Building CXX object src/cpp/CMakeFiles/fastdds.dir/fastdds/xtypes/dynamic_types/MemberDescriptorImpl.cpp.o
[ 31%] Building CXX object src/cpp/CMakeFiles/fastdds.dir/fastdds/xtypes/dynamic_types/TypeDescriptorImpl.cpp.o
[ 31%] Building CXX object src/cpp/CMakeFiles/fastdds.dir/fastdds/xtypes/dynamic_types/VerbatimTextDescriptorImpl.cpp.o
[ 32%] Building CXX object src/cpp/CMakeFiles/fastdds.dir/fastdds/xtypes/exception/Exception.cpp.o
[ 32%] Building CXX object src/cpp/CMakeFiles/fastdds.dir/fastdds/xtypes/serializers/idl/dynamic_type_idl.cpp.o
[ 32%] Building CXX object src/cpp/CMakeFiles/fastdds.dir/fastdds/xtypes/serializers/json/dynamic_data_json.cpp.o
[ 33%] Building CXX object src/cpp/CMakeFiles/fastdds.dir/fastdds/xtypes/serializers/json/json_dynamic_data.cpp.o
[ 33%] Building CXX object src/cpp/CMakeFiles/fastdds.dir/fastdds/xtypes/type_representation/dds_xtypes_typeobjectPubSubTypes.cxx.o
[ 34%] Building CXX object src/cpp/CMakeFiles/fastdds.dir/fastdds/xtypes/type_representation/TypeObjectRegistry.cpp.o
[ 34%] Building CXX object src/cpp/CMakeFiles/fastdds.dir/fastdds/xtypes/type_representation/TypeObjectUtils.cpp.o
[ 34%] Building CXX object src/cpp/CMakeFiles/fastdds.dir/fastdds/xtypes/utils.cpp.o
[ 35%] Building CXX object src/cpp/CMakeFiles/fastdds.dir/rtps/attributes/EndpointSecurityAttributes.cpp.o
[ 35%] Building CXX object src/cpp/CMakeFiles/fastdds.dir/rtps/attributes/PropertyPolicy.cpp.o
[ 36%] Building CXX object src/cpp/CMakeFiles/fastdds.dir/rtps/attributes/RTPSParticipantAttributes.cpp.o
[ 36%] Building CXX object src/cpp/CMakeFiles/fastdds.dir/rtps/attributes/ServerAttributes.cpp.o
[ 37%] Building CXX object src/cpp/CMakeFiles/fastdds.dir/rtps/attributes/ThreadSettings.cpp.o
[ 37%] Building CXX object src/cpp/CMakeFiles/fastdds.dir/rtps/builtin/BuiltinProtocols.cpp.o
[ 37%] Building CXX object src/cpp/CMakeFiles/fastdds.dir/rtps/builtin/data/ParticipantBuiltinTopicData.cpp.o
[ 38%] Building CXX object src/cpp/CMakeFiles/fastdds.dir/rtps/builtin/data/ParticipantProxyData.cpp.o
[ 38%] Building CXX object src/cpp/CMakeFiles/fastdds.dir/rtps/builtin/data/PublicationBuiltinTopicData.cpp.o
[ 39%] Building CXX object src/cpp/CMakeFiles/fastdds.dir/rtps/builtin/data/SubscriptionBuiltinTopicData.cpp.o
[ 39%] Building CXX object src/cpp/CMakeFiles/fastdds.dir/rtps/builtin/data/ReaderProxyData.cpp.o
[ 40%] Building CXX object src/cpp/CMakeFiles/fastdds.dir/rtps/builtin/data/WriterProxyData.cpp.o
[ 40%] Building CXX object src/cpp/CMakeFiles/fastdds.dir/rtps/builtin/discovery/database/backup/SharedBackupFunctions.cpp.o
[ 40%] Building CXX object src/cpp/CMakeFiles/fastdds.dir/rtps/builtin/discovery/database/DiscoveryDataBase.cpp.o
[ 41%] Building CXX object src/cpp/CMakeFiles/fastdds.dir/rtps/builtin/discovery/database/DiscoveryParticipantInfo.cpp.o
[ 41%] Building CXX object src/cpp/CMakeFiles/fastdds.dir/rtps/builtin/discovery/database/DiscoveryParticipantsAckStatus.cpp.o
[ 42%] Building CXX object src/cpp/CMakeFiles/fastdds.dir/rtps/builtin/discovery/database/DiscoverySharedInfo.cpp.o
[ 42%] Building CXX object src/cpp/CMakeFiles/fastdds.dir/rtps/builtin/discovery/endpoint/EDP.cpp.o
[ 42%] Building CXX object src/cpp/CMakeFiles/fastdds.dir/rtps/builtin/discovery/endpoint/EDPClient.cpp.o
[ 43%] Building CXX object src/cpp/CMakeFiles/fastdds.dir/rtps/builtin/discovery/endpoint/EDPServer.cpp.o
[ 43%] Building CXX object src/cpp/CMakeFiles/fastdds.dir/rtps/builtin/discovery/endpoint/EDPServerListeners.cpp.o
[ 44%] Building CXX object src/cpp/CMakeFiles/fastdds.dir/rtps/builtin/discovery/endpoint/EDPSimple.cpp.o
[ 44%] Building CXX object src/cpp/CMakeFiles/fastdds.dir/rtps/builtin/discovery/endpoint/EDPSimpleListeners.cpp.o
[ 45%] Building CXX object src/cpp/CMakeFiles/fastdds.dir/rtps/builtin/discovery/endpoint/EDPStatic.cpp.o
[ 45%] Building CXX object src/cpp/CMakeFiles/fastdds.dir/rtps/builtin/discovery/participant/DirectMessageSender.cpp.o
[ 45%] Building CXX object src/cpp/CMakeFiles/fastdds.dir/rtps/builtin/discovery/participant/PDP.cpp.o
[ 46%] Building CXX object src/cpp/CMakeFiles/fastdds.dir/rtps/builtin/discovery/participant/PDPClient.cpp.o
[ 46%] Building CXX object src/cpp/CMakeFiles/fastdds.dir/rtps/builtin/discovery/participant/PDPClientListener.cpp.o
[ 47%] Building CXX object src/cpp/CMakeFiles/fastdds.dir/rtps/builtin/discovery/participant/PDPListener.cpp.o
[ 47%] Building CXX object src/cpp/CMakeFiles/fastdds.dir/rtps/builtin/discovery/participant/PDPServer.cpp.o
[ 47%] Building CXX object src/cpp/CMakeFiles/fastdds.dir/rtps/builtin/discovery/participant/PDPServerListener.cpp.o
[ 48%] Building CXX object src/cpp/CMakeFiles/fastdds.dir/rtps/builtin/discovery/participant/PDPSimple.cpp.o
[ 48%] Building CXX object src/cpp/CMakeFiles/fastdds.dir/rtps/builtin/discovery/participant/simple/PDPStatelessWriter.cpp.o
[ 49%] Building CXX object src/cpp/CMakeFiles/fastdds.dir/rtps/builtin/discovery/participant/timedevent/DSClientEvent.cpp.o
[ 49%] Building CXX object src/cpp/CMakeFiles/fastdds.dir/rtps/builtin/discovery/participant/timedevent/DServerEvent.cpp.o
[ 50%] Building CXX object src/cpp/CMakeFiles/fastdds.dir/rtps/builtin/liveliness/WLP.cpp.o
[ 50%] Building CXX object src/cpp/CMakeFiles/fastdds.dir/rtps/builtin/liveliness/WLPListener.cpp.o
[ 50%] Building CXX object src/cpp/CMakeFiles/fastdds.dir/rtps/common/GuidPrefix_t.cpp.o
[ 51%] Building CXX object src/cpp/CMakeFiles/fastdds.dir/rtps/common/SerializedPayload.cpp.o
[ 51%] Building CXX object src/cpp/CMakeFiles/fastdds.dir/rtps/common/LocatorWithMask.cpp.o
[ 52%] Building CXX object src/cpp/CMakeFiles/fastdds.dir/rtps/common/Time_t.cpp.o
[ 52%] Building CXX object src/cpp/CMakeFiles/fastdds.dir/rtps/common/Token.cpp.o
[ 52%] Building CXX object src/cpp/CMakeFiles/fastdds.dir/rtps/DataSharing/DataSharingListener.cpp.o
[ 53%] Building CXX object src/cpp/CMakeFiles/fastdds.dir/rtps/DataSharing/DataSharingNotification.cpp.o
[ 53%] Building CXX object src/cpp/CMakeFiles/fastdds.dir/rtps/DataSharing/DataSharingPayloadPool.cpp.o
[ 54%] Building CXX object src/cpp/CMakeFiles/fastdds.dir/rtps/exceptions/Exception.cpp.o
[ 54%] Building CXX object src/cpp/CMakeFiles/fastdds.dir/rtps/flowcontrol/FlowControllerConsts.cpp.o
[ 55%] Building CXX object src/cpp/CMakeFiles/fastdds.dir/rtps/flowcontrol/FlowControllerFactory.cpp.o
[ 55%] Building CXX object src/cpp/CMakeFiles/fastdds.dir/rtps/history/CacheChangePool.cpp.o
[ 55%] Building CXX object src/cpp/CMakeFiles/fastdds.dir/rtps/history/History.cpp.o
[ 56%] Building CXX object src/cpp/CMakeFiles/fastdds.dir/rtps/history/ReaderHistory.cpp.o
[ 56%] Building CXX object src/cpp/CMakeFiles/fastdds.dir/rtps/history/TopicPayloadPool.cpp.o
[ 57%] Building CXX object src/cpp/CMakeFiles/fastdds.dir/rtps/history/TopicPayloadPoolRegistry.cpp.o
[ 57%] Building CXX object src/cpp/CMakeFiles/fastdds.dir/rtps/history/WriterHistory.cpp.o
[ 57%] Building CXX object src/cpp/CMakeFiles/fastdds.dir/rtps/messages/CDRMessage.cpp.o
[ 58%] Building CXX object src/cpp/CMakeFiles/fastdds.dir/rtps/messages/MessageReceiver.cpp.o
[ 58%] Building CXX object src/cpp/CMakeFiles/fastdds.dir/rtps/messages/RTPSGapBuilder.cpp.o
[ 59%] Building CXX object src/cpp/CMakeFiles/fastdds.dir/rtps/messages/RTPSMessageCreator.cpp.o
[ 59%] Building CXX object src/cpp/CMakeFiles/fastdds.dir/rtps/messages/RTPSMessageGroup.cpp.o
[ 60%] Building CXX object src/cpp/CMakeFiles/fastdds.dir/rtps/messages/SendBuffersManager.cpp.o
[ 60%] Building CXX object src/cpp/CMakeFiles/fastdds.dir/rtps/network/NetworkBuffer.cpp.o
[ 60%] Building CXX object src/cpp/CMakeFiles/fastdds.dir/rtps/network/NetworkConfiguration.cpp.o
[ 61%] Building CXX object src/cpp/CMakeFiles/fastdds.dir/rtps/network/NetworkFactory.cpp.o
[ 61%] Building CXX object src/cpp/CMakeFiles/fastdds.dir/rtps/network/ReceiverResource.cpp.o
[ 62%] Building CXX object src/cpp/CMakeFiles/fastdds.dir/rtps/network/utils/external_locators.cpp.o
[ 62%] Building CXX object src/cpp/CMakeFiles/fastdds.dir/rtps/network/utils/netmask_filter.cpp.o
[ 63%] Building CXX object src/cpp/CMakeFiles/fastdds.dir/rtps/network/utils/network.cpp.o
[ 63%] Building CXX object src/cpp/CMakeFiles/fastdds.dir/rtps/participant/RTPSParticipant.cpp.o
[ 63%] Building CXX object src/cpp/CMakeFiles/fastdds.dir/rtps/participant/RTPSParticipantImpl.cpp.o
[ 64%] Building CXX object src/cpp/CMakeFiles/fastdds.dir/rtps/persistence/PersistenceFactory.cpp.o
[ 64%] Building CXX object src/cpp/CMakeFiles/fastdds.dir/rtps/reader/BaseReader.cpp.o
[ 65%] Building CXX object src/cpp/CMakeFiles/fastdds.dir/rtps/reader/reader_utils.cpp.o
[ 65%] Building CXX object src/cpp/CMakeFiles/fastdds.dir/rtps/reader/RTPSReader.cpp.o
[ 65%] Building CXX object src/cpp/CMakeFiles/fastdds.dir/rtps/reader/StatefulPersistentReader.cpp.o
[ 66%] Building CXX object src/cpp/CMakeFiles/fastdds.dir/rtps/reader/StatefulReader.cpp.o
[ 66%] Building CXX object src/cpp/CMakeFiles/fastdds.dir/rtps/reader/StatelessPersistentReader.cpp.o
[ 67%] Building CXX object src/cpp/CMakeFiles/fastdds.dir/rtps/reader/StatelessReader.cpp.o
[ 67%] Building CXX object src/cpp/CMakeFiles/fastdds.dir/rtps/reader/WriterProxy.cpp.o
[ 68%] Building CXX object src/cpp/CMakeFiles/fastdds.dir/rtps/resources/ResourceEvent.cpp.o
[ 68%] Building CXX object src/cpp/CMakeFiles/fastdds.dir/rtps/resources/TimedEvent.cpp.o
[ 68%] Building CXX object src/cpp/CMakeFiles/fastdds.dir/rtps/resources/TimedEventImpl.cpp.o
[ 69%] Building CXX object src/cpp/CMakeFiles/fastdds.dir/rtps/domain/RTPSDomain.cpp.o
[ 69%] Building CXX object src/cpp/CMakeFiles/fastdds.dir/rtps/transport/ChainingTransport.cpp.o
[ 70%] Building CXX object src/cpp/CMakeFiles/fastdds.dir/rtps/transport/ChannelResource.cpp.o
[ 70%] Building CXX object src/cpp/CMakeFiles/fastdds.dir/rtps/transport/network/NetmaskFilterKind.cpp.o
[ 70%] Building CXX object src/cpp/CMakeFiles/fastdds.dir/rtps/transport/network/NetworkInterface.cpp.o
[ 71%] Building CXX object src/cpp/CMakeFiles/fastdds.dir/rtps/transport/network/NetworkInterfaceWithFilter.cpp.o
[ 71%] Building CXX object src/cpp/CMakeFiles/fastdds.dir/rtps/transport/PortBasedTransportDescriptor.cpp.o
[ 72%] Building CXX object src/cpp/CMakeFiles/fastdds.dir/rtps/transport/shared_mem/SharedMemTransportDescriptor.cpp.o
[ 72%] Building CXX object src/cpp/CMakeFiles/fastdds.dir/rtps/transport/tcp/RTCPMessageManager.cpp.o
[ 73%] Building CXX object src/cpp/CMakeFiles/fastdds.dir/rtps/transport/tcp/TCPControlMessage.cpp.o
[ 73%] Building CXX object src/cpp/CMakeFiles/fastdds.dir/rtps/transport/TCPAcceptor.cpp.o
[ 73%] Building CXX object src/cpp/CMakeFiles/fastdds.dir/rtps/transport/TCPAcceptorBasic.cpp.o
[ 74%] Building CXX object src/cpp/CMakeFiles/fastdds.dir/rtps/transport/TCPChannelResource.cpp.o
[ 74%] Building CXX object src/cpp/CMakeFiles/fastdds.dir/rtps/transport/TCPChannelResourceBasic.cpp.o
[ 75%] Building CXX object src/cpp/CMakeFiles/fastdds.dir/rtps/transport/TCPTransportInterface.cpp.o
[ 75%] Building CXX object src/cpp/CMakeFiles/fastdds.dir/rtps/transport/TCPv4Transport.cpp.o
[ 75%] Building CXX object src/cpp/CMakeFiles/fastdds.dir/rtps/transport/TCPv6Transport.cpp.o
[ 76%] Building CXX object src/cpp/CMakeFiles/fastdds.dir/rtps/transport/test_UDPv4Transport.cpp.o
[ 76%] Building CXX object src/cpp/CMakeFiles/fastdds.dir/rtps/transport/TransportInterface.cpp.o
[ 77%] Building CXX object src/cpp/CMakeFiles/fastdds.dir/rtps/transport/UDPChannelResource.cpp.o
[ 77%] Building CXX object src/cpp/CMakeFiles/fastdds.dir/rtps/transport/UDPTransportInterface.cpp.o
[ 78%] Building CXX object src/cpp/CMakeFiles/fastdds.dir/rtps/transport/UDPv4Transport.cpp.o
[ 78%] Building CXX object src/cpp/CMakeFiles/fastdds.dir/rtps/transport/UDPv6Transport.cpp.o
[ 78%] Building CXX object src/cpp/CMakeFiles/fastdds.dir/rtps/writer/BaseWriter.cpp.o
[ 79%] Building CXX object src/cpp/CMakeFiles/fastdds.dir/rtps/writer/LivelinessManager.cpp.o
[ 79%] Building CXX object src/cpp/CMakeFiles/fastdds.dir/rtps/writer/LocatorSelectorSender.cpp.o
[ 80%] Building CXX object src/cpp/CMakeFiles/fastdds.dir/rtps/writer/PersistentWriter.cpp.o
[ 80%] Building CXX object src/cpp/CMakeFiles/fastdds.dir/rtps/writer/ReaderLocator.cpp.o
[ 81%] Building CXX object src/cpp/CMakeFiles/fastdds.dir/rtps/writer/ReaderProxy.cpp.o
[ 81%] Building CXX object src/cpp/CMakeFiles/fastdds.dir/rtps/writer/RTPSWriter.cpp.o
[ 81%] Building CXX object src/cpp/CMakeFiles/fastdds.dir/rtps/writer/StatefulPersistentWriter.cpp.o
[ 82%] Building CXX object src/cpp/CMakeFiles/fastdds.dir/rtps/writer/StatefulWriter.cpp.o
[ 82%] Building CXX object src/cpp/CMakeFiles/fastdds.dir/rtps/writer/StatelessPersistentWriter.cpp.o
[ 83%] Building CXX object src/cpp/CMakeFiles/fastdds.dir/rtps/writer/StatelessWriter.cpp.o
[ 83%] Building CXX object src/cpp/CMakeFiles/fastdds.dir/statistics/fastdds/domain/DomainParticipant.cpp.o
[ 83%] Building CXX object src/cpp/CMakeFiles/fastdds.dir/statistics/fastdds/publisher/qos/DataWriterQos.cpp.o
[ 84%] Building CXX object src/cpp/CMakeFiles/fastdds.dir/statistics/fastdds/subscriber/qos/DataReaderQos.cpp.o
[ 84%] Building CXX object src/cpp/CMakeFiles/fastdds.dir/utils/Host.cpp.o
[ 85%] Building CXX object src/cpp/CMakeFiles/fastdds.dir/utils/IPFinder.cpp.o
[ 85%] Building CXX object src/cpp/CMakeFiles/fastdds.dir/utils/IPLocator.cpp.o
[ 86%] Building CXX object src/cpp/CMakeFiles/fastdds.dir/utils/md5.cpp.o
[ 86%] Building CXX object src/cpp/CMakeFiles/fastdds.dir/utils/StringMatching.cpp.o
[ 86%] Building CXX object src/cpp/CMakeFiles/fastdds.dir/utils/SystemInfo.cpp.o
[ 87%] Building CXX object src/cpp/CMakeFiles/fastdds.dir/utils/TimedConditionVariable.cpp.o
[ 87%] Building CXX object src/cpp/CMakeFiles/fastdds.dir/utils/UnitsParser.cpp.o
[ 88%] Building CXX object src/cpp/CMakeFiles/fastdds.dir/xmlparser/attributes/TopicAttributes.cpp.o
[ 88%] Building CXX object src/cpp/CMakeFiles/fastdds.dir/xmlparser/XMLDynamicParser.cpp.o
[ 88%] Building CXX object src/cpp/CMakeFiles/fastdds.dir/xmlparser/XMLElementParser.cpp.o
[ 89%] Building CXX object src/cpp/CMakeFiles/fastdds.dir/xmlparser/XMLEndpointParser.cpp.o
[ 89%] Building CXX object src/cpp/CMakeFiles/fastdds.dir/xmlparser/XMLParser.cpp.o
[ 90%] Building CXX object src/cpp/CMakeFiles/fastdds.dir/xmlparser/XMLParserCommon.cpp.o
[ 90%] Building CXX object src/cpp/CMakeFiles/fastdds.dir/xmlparser/XMLProfileManager.cpp.o
[ 91%] Building CXX object src/cpp/CMakeFiles/fastdds.dir/statistics/fastdds/domain/DomainParticipantImpl.cpp.o
[ 91%] Building CXX object src/cpp/CMakeFiles/fastdds.dir/statistics/fastdds/domain/DomainParticipantStatisticsListener.cpp.o
[ 91%] Building CXX object src/cpp/CMakeFiles/fastdds.dir/statistics/rtps/monitor-service/MonitorService.cpp.o
[ 92%] Building CXX object src/cpp/CMakeFiles/fastdds.dir/statistics/rtps/monitor-service/MonitorServiceListener.cpp.o
[ 92%] Building CXX object src/cpp/CMakeFiles/fastdds.dir/statistics/rtps/reader/StatisticsReaderImpl.cpp.o
[ 93%] Building CXX object src/cpp/CMakeFiles/fastdds.dir/statistics/rtps/StatisticsBase.cpp.o
[ 93%] Building CXX object src/cpp/CMakeFiles/fastdds.dir/statistics/rtps/writer/StatisticsWriterImpl.cpp.o
[ 93%] Building CXX object src/cpp/CMakeFiles/fastdds.dir/statistics/types/monitorservice_typesPubSubTypes.cxx.o
[ 94%] Building CXX object src/cpp/CMakeFiles/fastdds.dir/statistics/types/monitorservice_typesTypeObjectSupport.cxx.o
[ 94%] Building CXX object src/cpp/CMakeFiles/fastdds.dir/statistics/types/typesPubSubTypes.cxx.o
[ 95%] Building CXX object src/cpp/CMakeFiles/fastdds.dir/statistics/types/typesTypeObjectSupport.cxx.o
[ 95%] Building CXX object src/cpp/CMakeFiles/fastdds.dir/rtps/transport/shared_mem/test_SharedMemTransport.cpp.o
[ 96%] Building CXX object src/cpp/CMakeFiles/fastdds.dir/rtps/transport/shared_mem/SharedMemTransport.cpp.o
[ 96%] Building CXX object src/cpp/CMakeFiles/fastdds.dir/rtps/transport/TCPChannelResourceSecure.cpp.o
[ 96%] Building CXX object src/cpp/CMakeFiles/fastdds.dir/rtps/transport/TCPAcceptorSecure.cpp.o
[ 97%] Building CXX object src/cpp/CMakeFiles/fastdds.dir/rtps/persistence/SQLite3PersistenceService.cpp.o
[ 97%] Building C object src/cpp/CMakeFiles/fastdds.dir/rtps/persistence/sqlite3.c.o
[ 98%] Building CXX object src/cpp/CMakeFiles/fastdds.dir/rtps/domain/RTPSDomainExtras.cpp.o
[ 98%] Building CXX object src/cpp/CMakeFiles/fastdds.dir/xmlparser/XMLParserExtras.cpp.o
[ 99%] Linking CXX shared library libfastdds.so
[ 99%] Built target fastdds
[ 99%] Building CXX object tools/fds/CMakeFiles/fast-discovery-server.dir/CliDiscoveryManager.cpp.o
[ 99%] Building CXX object tools/fds/CMakeFiles/fast-discovery-server.dir/CliDiscoveryEntrypoint.cpp.o
[100%] Linking CXX executable fast-discovery-server-1.0.1
[100%] Built target fast-discovery-server
--- build rc=0 ---
-- Install configuration: "Release"
-- Installing: /usr/local/include/fastdds
-- Installing: /usr/local/include/fastdds/config
-- Installing: /usr/local/include/fastdds/config/doxygen_modules.hpp
-- Installing: /usr/local/include/fastdds/fastdds_dll.hpp
-- Installing: /usr/local/include/fastdds/utils
-- Installing: /usr/local/include/fastdds/utils/IPFinder.hpp
-- Installing: /usr/local/include/fastdds/utils/fixed_size_bitmap.hpp
-- Installing: /usr/local/include/fastdds/utils/IPLocator.hpp
-- Installing: /usr/local/include/fastdds/utils/TimedConditionVariable.hpp
-- Installing: /usr/local/include/fastdds/utils/collections
-- Installing: /usr/local/include/fastdds/utils/collections/ResourceLimitedVector.hpp
-- Installing: /usr/local/include/fastdds/utils/collections/ResourceLimitedContainerConfig.hpp
-- Installing: /usr/local/include/fastdds/utils/md5.hpp
-- Installing: /usr/local/include/fastdds/utils/TimedMutex.hpp
-- Installing: /usr/local/include/fastdds/dds
-- Installing: /usr/local/include/fastdds/dds/core
-- Installing: /usr/local/include/fastdds/dds/core/LoanableCollection.hpp
-- Installing: /usr/local/include/fastdds/dds/core/policy
-- Installing: /usr/local/include/fastdds/dds/core/policy/ParameterTypes.hpp
-- Installing: /usr/local/include/fastdds/dds/core/policy/RTPSReliableWriterQos.hpp
-- Installing: /usr/local/include/fastdds/dds/core/policy/QosPolicies.hpp
-- Installing: /usr/local/include/fastdds/dds/core/policy/ReaderResourceLimitsQos.hpp
-- Installing: /usr/local/include/fastdds/dds/core/policy/ReaderDataLifecycleQosPolicy.hpp
-- Installing: /usr/local/include/fastdds/dds/core/policy/WriterDataLifecycleQosPolicy.hpp
-- Installing: /usr/local/include/fastdds/dds/core/policy/RTPSReliableReaderQos.hpp
-- Installing: /usr/local/include/fastdds/dds/core/Time_t.hpp
-- Installing: /usr/local/include/fastdds/dds/core/Entity.hpp
-- Installing: /usr/local/include/fastdds/dds/core/LoanableArray.hpp
-- Installing: /usr/local/include/fastdds/dds/core/LoanableSequence.hpp
-- Installing: /usr/local/include/fastdds/dds/core/status
-- Installing: /usr/local/include/fastdds/dds/core/status/BaseStatus.hpp
-- Installing: /usr/local/include/fastdds/dds/core/status/MatchedStatus.hpp
-- Installing: /usr/local/include/fastdds/dds/core/status/StatusMask.hpp
-- Installing: /usr/local/include/fastdds/dds/core/status/LivelinessChangedStatus.hpp
-- Installing: /usr/local/include/fastdds/dds/core/status/SubscriptionMatchedStatus.hpp
-- Installing: /usr/local/include/fastdds/dds/core/status/PublicationMatchedStatus.hpp
-- Installing: /usr/local/include/fastdds/dds/core/status/SampleRejectedStatus.hpp
-- Installing: /usr/local/include/fastdds/dds/core/status/DeadlineMissedStatus.hpp
-- Installing: /usr/local/include/fastdds/dds/core/status/IncompatibleQosStatus.hpp
-- Installing: /usr/local/include/fastdds/dds/core/UserAllocatedSequence.hpp
-- Installing: /usr/local/include/fastdds/dds/core/ReturnCode.hpp
-- Installing: /usr/local/include/fastdds/dds/core/StackAllocatedSequence.hpp
-- Installing: /usr/local/include/fastdds/dds/core/Types.hpp
-- Installing: /usr/local/include/fastdds/dds/core/detail
-- Installing: /usr/local/include/fastdds/dds/core/detail/DDSSecurityReturnCode.hpp
-- Installing: /usr/local/include/fastdds/dds/core/detail/DDSReturnCode.hpp
-- Installing: /usr/local/include/fastdds/dds/core/condition
-- Installing: /usr/local/include/fastdds/dds/core/condition/Condition.hpp
-- Installing: /usr/local/include/fastdds/dds/core/condition/StatusCondition.hpp
-- Installing: /usr/local/include/fastdds/dds/core/condition/GuardCondition.hpp
-- Installing: /usr/local/include/fastdds/dds/core/condition/WaitSet.hpp
-- Installing: /usr/local/include/fastdds/dds/core/LoanableTypedCollection.hpp
-- Installing: /usr/local/include/fastdds/dds/log
-- Installing: /usr/local/include/fastdds/dds/log/OStreamConsumer.hpp
-- Installing: /usr/local/include/fastdds/dds/log/FileConsumer.hpp
-- Installing: /usr/local/include/fastdds/dds/log/StdoutErrConsumer.hpp
-- Installing: /usr/local/include/fastdds/dds/log/Colors.hpp
-- Installing: /usr/local/include/fastdds/dds/log/StdoutConsumer.hpp
-- Installing: /usr/local/include/fastdds/dds/log/Log.hpp
-- Installing: /usr/local/include/fastdds/dds/publisher
-- Installing: /usr/local/include/fastdds/dds/publisher/PublisherListener.hpp
-- Installing: /usr/local/include/fastdds/dds/publisher/Publisher.hpp
-- Installing: /usr/local/include/fastdds/dds/publisher/DataWriterListener.hpp
-- Installing: /usr/local/include/fastdds/dds/publisher/DataWriter.hpp
-- Installing: /usr/local/include/fastdds/dds/publisher/qos
-- Installing: /usr/local/include/fastdds/dds/publisher/qos/DataWriterQos.hpp
-- Installing: /usr/local/include/fastdds/dds/publisher/qos/WriterQos.hpp
-- Installing: /usr/local/include/fastdds/dds/publisher/qos/PublisherQos.hpp
-- Installing: /usr/local/include/fastdds/dds/rpc
-- Installing: /usr/local/include/fastdds/dds/rpc/RemoteExceptionCode_t.hpp
-- Installing: /usr/local/include/fastdds/dds/rpc/ServiceTypeSupport.hpp
-- Installing: /usr/local/include/fastdds/dds/rpc/Service.hpp
-- Installing: /usr/local/include/fastdds/dds/rpc/RPCTypeObjectSupport.hpp
-- Installing: /usr/local/include/fastdds/dds/rpc/RequestInfo.hpp
-- Installing: /usr/local/include/fastdds/dds/rpc/Replier.hpp
-- Installing: /usr/local/include/fastdds/dds/rpc/RPCEntity.hpp
-- Installing: /usr/local/include/fastdds/dds/rpc/Requester.hpp
-- Installing: /usr/local/include/fastdds/dds/subscriber
-- Installing: /usr/local/include/fastdds/dds/subscriber/Subscriber.hpp
-- Installing: /usr/local/include/fastdds/dds/subscriber/SampleInfo.hpp
-- Installing: /usr/local/include/fastdds/dds/subscriber/ReadCondition.hpp
-- Installing: /usr/local/include/fastdds/dds/subscriber/DataReader.hpp
-- Installing: /usr/local/include/fastdds/dds/subscriber/DataReaderListener.hpp
-- Installing: /usr/local/include/fastdds/dds/subscriber/SubscriberListener.hpp
-- Installing: /usr/local/include/fastdds/dds/subscriber/InstanceState.hpp
-- Installing: /usr/local/include/fastdds/dds/subscriber/ViewState.hpp
-- Installing: /usr/local/include/fastdds/dds/subscriber/SampleState.hpp
-- Installing: /usr/local/include/fastdds/dds/subscriber/qos
-- Installing: /usr/local/include/fastdds/dds/subscriber/qos/SubscriberQos.hpp
-- Installing: /usr/local/include/fastdds/dds/subscriber/qos/ReaderQos.hpp
-- Installing: /usr/local/include/fastdds/dds/subscriber/qos/DataReaderQos.hpp
-- Installing: /usr/local/include/fastdds/dds/builtin
-- Installing: /usr/local/include/fastdds/dds/builtin/topic
-- Installing: /usr/local/include/fastdds/dds/builtin/topic/ParticipantBuiltinTopicData.hpp
-- Installing: /usr/local/include/fastdds/dds/builtin/topic/TopicBuiltinTopicData.hpp
-- Installing: /usr/local/include/fastdds/dds/builtin/topic/BuiltinTopicKey.hpp
-- Installing: /usr/local/include/fastdds/dds/builtin/topic/SubscriptionBuiltinTopicData.hpp
-- Installing: /usr/local/include/fastdds/dds/builtin/topic/PublicationBuiltinTopicData.hpp
-- Installing: /usr/local/include/fastdds/dds/common
-- Installing: /usr/local/include/fastdds/dds/common/InstanceHandle.hpp
-- Installing: /usr/local/include/fastdds/dds/xtypes
-- Installing: /usr/local/include/fastdds/dds/xtypes/common.hpp
-- Installing: /usr/local/include/fastdds/dds/xtypes/dynamic_types
-- Installing: /usr/local/include/fastdds/dds/xtypes/dynamic_types/MemberDescriptor.hpp
-- Installing: /usr/local/include/fastdds/dds/xtypes/dynamic_types/DynamicDataFactory.hpp
-- Installing: /usr/local/include/fastdds/dds/xtypes/dynamic_types/VerbatimTextDescriptor.hpp
-- Installing: /usr/local/include/fastdds/dds/xtypes/dynamic_types/DynamicTypeBuilder.hpp
-- Installing: /usr/local/include/fastdds/dds/xtypes/dynamic_types/DynamicType.hpp
-- Installing: /usr/local/include/fastdds/dds/xtypes/dynamic_types/DynamicPubSubType.hpp
-- Installing: /usr/local/include/fastdds/dds/xtypes/dynamic_types/DynamicTypeMember.hpp
-- Installing: /usr/local/include/fastdds/dds/xtypes/dynamic_types/TypeDescriptor.hpp
-- Installing: /usr/local/include/fastdds/dds/xtypes/dynamic_types/DynamicData.hpp
-- Installing: /usr/local/include/fastdds/dds/xtypes/dynamic_types/type_traits.hpp
-- Installing: /usr/local/include/fastdds/dds/xtypes/dynamic_types/DynamicTypeBuilderFactory.hpp
-- Installing: /usr/local/include/fastdds/dds/xtypes/dynamic_types/Types.hpp
-- Installing: /usr/local/include/fastdds/dds/xtypes/dynamic_types/detail
-- Installing: /usr/local/include/fastdds/dds/xtypes/dynamic_types/detail/dynamic_language_binding.hpp
-- Installing: /usr/local/include/fastdds/dds/xtypes/dynamic_types/detail/type_traits.hpp
-- Installing: /usr/local/include/fastdds/dds/xtypes/dynamic_types/AnnotationDescriptor.hpp
-- Installing: /usr/local/include/fastdds/dds/xtypes/type_representation
-- Installing: /usr/local/include/fastdds/dds/xtypes/type_representation/ITypeObjectRegistry.hpp
-- Installing: /usr/local/include/fastdds/dds/xtypes/type_representation/TypeObject.hpp
-- Installing: /usr/local/include/fastdds/dds/xtypes/type_representation/TypeObjectUtils.hpp
-- Installing: /usr/local/include/fastdds/dds/xtypes/type_representation/detail
-- Installing: /usr/local/include/fastdds/dds/xtypes/type_representation/detail/dds_xtypes_typeobjectPubSubTypes.hpp
-- Installing: /usr/local/include/fastdds/dds/xtypes/type_representation/detail/dds_xtypes_typeobject.hpp
-- Installing: /usr/local/include/fastdds/dds/xtypes/type_representation/detail/dds_xtypes_typeobjectCdrAux.hpp
-- Installing: /usr/local/include/fastdds/dds/xtypes/utils.hpp
-- Installing: /usr/local/include/fastdds/dds/xtypes/exception
-- Installing: /usr/local/include/fastdds/dds/xtypes/exception/Exception.hpp
-- Installing: /usr/local/include/fastdds/dds/topic
-- Installing: /usr/local/include/fastdds/dds/topic/IContentFilterFactory.hpp
-- Installing: /usr/local/include/fastdds/dds/topic/TopicDescription.hpp
-- Installing: /usr/local/include/fastdds/dds/topic/ContentFilteredTopic.hpp
-- Installing: /usr/local/include/fastdds/dds/topic/Topic.hpp
-- Installing: /usr/local/include/fastdds/dds/topic/TopicListener.hpp
-- Installing: /usr/local/include/fastdds/dds/topic/TopicDataType.hpp
-- Installing: /usr/local/include/fastdds/dds/topic/TypeSupport.hpp
-- Installing: /usr/local/include/fastdds/dds/topic/IContentFilter.hpp
-- Installing: /usr/local/include/fastdds/dds/topic/qos
-- Installing: /usr/local/include/fastdds/dds/topic/qos/TopicQos.hpp
-- Installing: /usr/local/include/fastdds/dds/domain
-- Installing: /usr/local/include/fastdds/dds/domain/DomainParticipantFactory.hpp
-- Installing: /usr/local/include/fastdds/dds/domain/DomainParticipant.hpp
-- Installing: /usr/local/include/fastdds/dds/domain/DomainParticipantListener.hpp
-- Installing: /usr/local/include/fastdds/dds/domain/qos
-- Installing: /usr/local/include/fastdds/dds/domain/qos/DomainParticipantExtendedQos.hpp
-- Installing: /usr/local/include/fastdds/dds/domain/qos/DomainParticipantFactoryQos.hpp
-- Installing: /usr/local/include/fastdds/dds/domain/qos/ReplierQos.hpp
-- Installing: /usr/local/include/fastdds/dds/domain/qos/RequesterQos.hpp
-- Installing: /usr/local/include/fastdds/dds/domain/qos/DomainParticipantQos.hpp
-- Installing: /usr/local/include/fastdds/statistics
-- Installing: /usr/local/include/fastdds/statistics/IListeners.hpp
-- Installing: /usr/local/include/fastdds/statistics/dds
-- Installing: /usr/local/include/fastdds/statistics/dds/publisher
-- Installing: /usr/local/include/fastdds/statistics/dds/publisher/qos
-- Installing: /usr/local/include/fastdds/statistics/dds/publisher/qos/DataWriterQos.hpp
-- Installing: /usr/local/include/fastdds/statistics/dds/subscriber
-- Installing: /usr/local/include/fastdds/statistics/dds/subscriber/qos
-- Installing: /usr/local/include/fastdds/statistics/dds/subscriber/qos/DataReaderQos.hpp
-- Installing: /usr/local/include/fastdds/statistics/dds/domain
-- Installing: /usr/local/include/fastdds/statistics/dds/domain/DomainParticipant.hpp
-- Installing: /usr/local/include/fastdds/statistics/rtps
-- Installing: /usr/local/include/fastdds/statistics/rtps/monitor_service
-- Installing: /usr/local/include/fastdds/statistics/rtps/monitor_service/connections_fwd.hpp
-- Installing: /usr/local/include/fastdds/statistics/rtps/StatisticsCommon.hpp
-- Installing: /usr/local/include/fastdds/statistics/topic_names.hpp
-- Installing: /usr/local/include/fastdds/rtps
-- Installing: /usr/local/include/fastdds/rtps/attributes
-- Installing: /usr/local/include/fastdds/rtps/attributes/ReaderAttributes.hpp
-- Installing: /usr/local/include/fastdds/rtps/attributes/EndpointAttributes.hpp
-- Installing: /usr/local/include/fastdds/rtps/attributes/RTPSParticipantAllocationAttributes.hpp
-- Installing: /usr/local/include/fastdds/rtps/attributes/ResourceManagement.hpp
-- Installing: /usr/local/include/fastdds/rtps/attributes/WriterAttributes.hpp
-- Installing: /usr/local/include/fastdds/rtps/attributes/ExternalLocators.hpp
-- Installing: /usr/local/include/fastdds/rtps/attributes/PropertyPolicy.hpp
-- Installing: /usr/local/include/fastdds/rtps/attributes/BuiltinTransports.hpp
-- Installing: /usr/local/include/fastdds/rtps/attributes/RTPSParticipantAttributes.hpp
-- Installing: /usr/local/include/fastdds/rtps/attributes/EndpointSecurityAttributes.hpp
-- Installing: /usr/local/include/fastdds/rtps/attributes/HistoryAttributes.hpp
-- Installing: /usr/local/include/fastdds/rtps/attributes/ThreadSettings.hpp
-- Installing: /usr/local/include/fastdds/rtps/reader
-- Installing: /usr/local/include/fastdds/rtps/reader/ReaderDiscoveryStatus.hpp
-- Installing: /usr/local/include/fastdds/rtps/reader/ReaderListener.hpp
-- Installing: /usr/local/include/fastdds/rtps/reader/RTPSReader.hpp
-- Installing: /usr/local/include/fastdds/rtps/messages
-- Installing: /usr/local/include/fastdds/rtps/messages/RTPSMessageSenderInterface.hpp
-- Installing: /usr/local/include/fastdds/rtps/messages/RTPS_messages.hpp
-- Installing: /usr/local/include/fastdds/rtps/participant
-- Installing: /usr/local/include/fastdds/rtps/participant/ParticipantDiscoveryInfo.hpp
-- Installing: /usr/local/include/fastdds/rtps/participant/RTPSParticipant.hpp
-- Installing: /usr/local/include/fastdds/rtps/participant/RTPSParticipantListener.hpp
-- Installing: /usr/local/include/fastdds/rtps/RTPSDomain.hpp
-- Installing: /usr/local/include/fastdds/rtps/flowcontrol
-- Installing: /usr/local/include/fastdds/rtps/flowcontrol/FlowControllerConsts.hpp
-- Installing: /usr/local/include/fastdds/rtps/flowcontrol/FlowControllerSchedulerPolicy.hpp
-- Installing: /usr/local/include/fastdds/rtps/flowcontrol/FlowControllerDescriptor.hpp
-- Installing: /usr/local/include/fastdds/rtps/builtin
-- Installing: /usr/local/include/fastdds/rtps/builtin/data
-- Installing: /usr/local/include/fastdds/rtps/builtin/data/ParticipantBuiltinTopicData.hpp
-- Installing: /usr/local/include/fastdds/rtps/builtin/data/ContentFilterProperty.hpp
-- Installing: /usr/local/include/fastdds/rtps/builtin/data/TopicDescription.hpp
-- Installing: /usr/local/include/fastdds/rtps/builtin/data/BuiltinTopicKey.hpp
-- Installing: /usr/local/include/fastdds/rtps/builtin/data/SubscriptionBuiltinTopicData.hpp
-- Installing: /usr/local/include/fastdds/rtps/builtin/data/BuiltinEndpoints.hpp
-- Installing: /usr/local/include/fastdds/rtps/builtin/data/PublicationBuiltinTopicData.hpp
-- Installing: /usr/local/include/fastdds/rtps/writer
-- Installing: /usr/local/include/fastdds/rtps/writer/WriterDiscoveryStatus.hpp
-- Installing: /usr/local/include/fastdds/rtps/writer/WriterListener.hpp
-- Installing: /usr/local/include/fastdds/rtps/writer/RTPSWriter.hpp
-- Installing: /usr/local/include/fastdds/rtps/Endpoint.hpp
-- Installing: /usr/local/include/fastdds/rtps/common
-- Installing: /usr/local/include/fastdds/rtps/common/SampleIdentity.hpp
-- Installing: /usr/local/include/fastdds/rtps/common/PortParameters.hpp
-- Installing: /usr/local/include/fastdds/rtps/common/RemoteLocators.hpp
-- Installing: /usr/local/include/fastdds/rtps/common/InstanceHandle.hpp
-- Installing: /usr/local/include/fastdds/rtps/common/FragmentNumber.hpp
-- Installing: /usr/local/include/fastdds/rtps/common/EntityId_t.hpp
-- Installing: /usr/local/include/fastdds/rtps/common/CdrSerialization.hpp
-- Installing: /usr/local/include/fastdds/rtps/common/OriginalWriterInfo.hpp
-- Installing: /usr/local/include/fastdds/rtps/common/LocatorListComparisons.hpp
-- Installing: /usr/local/include/fastdds/rtps/common/WriteParams.hpp
-- Installing: /usr/local/include/fastdds/rtps/common/MatchingInfo.hpp
-- Installing: /usr/local/include/fastdds/rtps/common/ProductVersion_t.hpp
-- Installing: /usr/local/include/fastdds/rtps/common/LocatorWithMask.hpp
-- Installing: /usr/local/include/fastdds/rtps/common/Time_t.hpp
-- Installing: /usr/local/include/fastdds/rtps/common/GuidPrefix_t.hpp
-- Installing: /usr/local/include/fastdds/rtps/common/LocatorList.hpp
-- Installing: /usr/local/include/fastdds/rtps/common/SerializedPayload.hpp
-- Installing: /usr/local/include/fastdds/rtps/common/CacheChange.hpp
-- Installing: /usr/local/include/fastdds/rtps/common/VendorId_t.hpp
-- Installing: /usr/local/include/fastdds/rtps/common/SequenceNumber.hpp
-- Installing: /usr/local/include/fastdds/rtps/common/BinaryProperty.hpp
-- Installing: /usr/local/include/fastdds/rtps/common/Token.hpp
-- Installing: /usr/local/include/fastdds/rtps/common/CDRMessage_t.hpp
-- Installing: /usr/local/include/fastdds/rtps/common/Guid.hpp
-- Installing: /usr/local/include/fastdds/rtps/common/LocatorSelectorEntry.hpp
-- Installing: /usr/local/include/fastdds/rtps/common/Types.hpp
-- Installing: /usr/local/include/fastdds/rtps/common/LocatorSelector.hpp
-- Installing: /usr/local/include/fastdds/rtps/common/ChangeKind_t.hpp
-- Installing: /usr/local/include/fastdds/rtps/common/LocatorsIterator.hpp
-- Installing: /usr/local/include/fastdds/rtps/common/Property.hpp
-- Installing: /usr/local/include/fastdds/rtps/common/Locator.hpp
-- Installing: /usr/local/include/fastdds/rtps/history
-- Installing: /usr/local/include/fastdds/rtps/history/IPayloadPool.hpp
-- Installing: /usr/local/include/fastdds/rtps/history/WriterHistory.hpp
-- Installing: /usr/local/include/fastdds/rtps/history/ReaderHistory.hpp
-- Installing: /usr/local/include/fastdds/rtps/history/IChangePool.hpp
-- Installing: /usr/local/include/fastdds/rtps/history/History.hpp
-- Installing: /usr/local/include/fastdds/rtps/transport
-- Installing: /usr/local/include/fastdds/rtps/transport/PortBasedTransportDescriptor.hpp
-- Installing: /usr/local/include/fastdds/rtps/transport/UDPTransportDescriptor.hpp
-- Installing: /usr/local/include/fastdds/rtps/transport/TransportReceiverInterface.hpp
-- Installing: /usr/local/include/fastdds/rtps/transport/shared_mem
-- Installing: /usr/local/include/fastdds/rtps/transport/shared_mem/test_SharedMemTransportDescriptor.hpp
-- Installing: /usr/local/include/fastdds/rtps/transport/shared_mem/SharedMemTransportDescriptor.hpp
-- Installing: /usr/local/include/fastdds/rtps/transport/ChainingTransport.hpp
-- Installing: /usr/local/include/fastdds/rtps/transport/network
-- Installing: /usr/local/include/fastdds/rtps/transport/network/BlockedNetworkInterface.hpp
-- Installing: /usr/local/include/fastdds/rtps/transport/network/NetworkInterfaceWithFilter.hpp
-- Installing: /usr/local/include/fastdds/rtps/transport/network/NetworkInterface.hpp
-- Installing: /usr/local/include/fastdds/rtps/transport/network/NetmaskFilterKind.hpp
-- Installing: /usr/local/include/fastdds/rtps/transport/network/AllowedNetworkInterface.hpp
-- Installing: /usr/local/include/fastdds/rtps/transport/TCPv6TransportDescriptor.hpp
-- Installing: /usr/local/include/fastdds/rtps/transport/TCPTransportDescriptor.hpp
-- Installing: /usr/local/include/fastdds/rtps/transport/SocketTransportDescriptor.hpp
-- Installing: /usr/local/include/fastdds/rtps/transport/UDPv4TransportDescriptor.hpp
-- Installing: /usr/local/include/fastdds/rtps/transport/SenderResource.hpp
-- Installing: /usr/local/include/fastdds/rtps/transport/ChainingTransportDescriptor.hpp
-- Installing: /usr/local/include/fastdds/rtps/transport/TCPv4TransportDescriptor.hpp
-- Installing: /usr/local/include/fastdds/rtps/transport/NetworkBuffer.hpp
-- Installing: /usr/local/include/fastdds/rtps/transport/TransportInterface.hpp
-- Installing: /usr/local/include/fastdds/rtps/transport/test_UDPv4TransportDescriptor.hpp
-- Installing: /usr/local/include/fastdds/rtps/transport/TransportDescriptorInterface.hpp
-- Installing: /usr/local/include/fastdds/rtps/transport/UDPv6TransportDescriptor.hpp
-- Installing: /usr/local/include/fastdds/rtps/interfaces
-- Installing: /usr/local/include/fastdds/rtps/interfaces/IReaderDataFilter.hpp
-- Installing: /usr/local/include/fastdds/fastdds_auto_link.hpp
-- Installing: /usr/local/include/fastdds/LibrarySettings.hpp
-- Installing: /usr/local/include/fastdds/config.hpp
-- Up-to-date: /usr/local/include/fastdds/statistics
-- Installing: /usr/local/include/fastdds/statistics/monitorservice_types.idl
-- Installing: /usr/local/include/fastdds/statistics/types.idl
-- Up-to-date: /usr/local/include/fastdds/statistics/dds
-- Up-to-date: /usr/local/include/fastdds/statistics/dds/publisher
-- Up-to-date: /usr/local/include/fastdds/statistics/dds/publisher/qos
-- Up-to-date: /usr/local/include/fastdds/statistics/dds/subscriber
-- Up-to-date: /usr/local/include/fastdds/statistics/dds/subscriber/qos
-- Up-to-date: /usr/local/include/fastdds/statistics/dds/domain
-- Up-to-date: /usr/local/include/fastdds/statistics/rtps
-- Up-to-date: /usr/local/include/fastdds/statistics/rtps/monitor_service
-- Installing: /usr/local/lib/libfastdds.so.3.6.1.0
-- Installing: /usr/local/lib/libfastdds.so.3.6
-- Set runtime path of "/usr/local/lib/libfastdds.so.3.6.1.0" to ""
-- Installing: /usr/local/lib/libfastdds.so
-- Installing: /usr/local/share/fastdds/cmake/fastdds-shared-targets.cmake
-- Installing: /usr/local/share/fastdds/cmake/fastdds-shared-targets-release.cmake
-- Installing: /usr/local/share/fastdds/cmake/fastdds-config.cmake
-- Installing: /usr/local/share/fastdds/cmake/fastdds-config-version.cmake
-- Installing: /usr/local/include/fastdds/thirdparty/optionparser
-- Installing: /usr/local/include/fastdds/thirdparty/optionparser/optionparser.hpp
-- Installing: /usr/local/include/fastdds/thirdparty/optionparser/optionparser
-- Installing: /usr/local/include/fastdds/thirdparty/optionparser/optionparser/optionparser.h
-- Installing: /usr/local/share/fastdds/cmake/optionparser-targets.cmake
-- Installing: /usr/local/bin/fast-discovery-server-1.0.1
-- Set runtime path of "/usr/local/bin/fast-discovery-server-1.0.1" to ""
-- Installing: /usr/local/tools/fastdds
-- Installing: /usr/local/tools/fastdds/shm
-- Installing: /usr/local/tools/fastdds/shm/clean.py
-- Installing: /usr/local/tools/fastdds/shm/parser.py
-- Installing: /usr/local/tools/fastdds/xml_ci
-- Installing: /usr/local/tools/fastdds/xml_ci/validate.py
-- Installing: /usr/local/tools/fastdds/xml_ci/parser.py
-- Installing: /usr/local/tools/fastdds/discovery
-- Installing: /usr/local/tools/fastdds/discovery/parser.py
-- Installing: /usr/local/tools/fastdds/discovery/fastdds_daemon
-- Installing: /usr/local/tools/fastdds/discovery/fastdds_daemon/helpers.py
-- Installing: /usr/local/tools/fastdds/discovery/fastdds_daemon/xmlrpc_local
-- Installing: /usr/local/tools/fastdds/discovery/fastdds_daemon/xmlrpc_local/local_client.py
-- Installing: /usr/local/tools/fastdds/discovery/fastdds_daemon/xmlrpc_local/local_server.py
-- Installing: /usr/local/tools/fastdds/discovery/fastdds_daemon/xmlrpc_local/__init__.py
-- Installing: /usr/local/tools/fastdds/discovery/fastdds_daemon/node
-- Installing: /usr/local/tools/fastdds/discovery/fastdds_daemon/node/__init__.py
-- Installing: /usr/local/tools/fastdds/discovery/fastdds_daemon/node/daemon_node.py
-- Installing: /usr/local/tools/fastdds/discovery/fastdds_daemon/daemon
-- Installing: /usr/local/tools/fastdds/discovery/fastdds_daemon/daemon/daemonize.py
-- Installing: /usr/local/tools/fastdds/discovery/fastdds_daemon/daemon/__init__.py
-- Installing: /usr/local/tools/fastdds/discovery/fastdds_daemon/process_handler
-- Installing: /usr/local/tools/fastdds/discovery/fastdds_daemon/process_handler/process_handler.py
-- Installing: /usr/local/tools/fastdds/discovery/fastdds_daemon/process_handler/__init__.py
-- Installing: /usr/local/tools/fastdds/fastdds.py
-- Up-to-date: /usr/local/bin
-- Installing: /usr/local/bin/fastdds
-- Installing: /usr/local/bin/ros-discovery
-- Installing: /usr/local/share/fastdds/LICENSE
-- Installing: /usr/local/share/fastdds/fastdds_profiles.xsd
-- Installing: /usr/local/share/fastdds/fastdds_static_discovery.xsd
--- install+ldconfig rc=0 ---
===== BUILD+INSTALL FINISHED — Tue 23 Jun 04:57:52 BST 2026 =====
lrwxrwxrwx 1 root root       17 Jun 23 04:57 /usr/local/lib/libfastdds.so -> libfastdds.so.3.6
lrwxrwxrwx 1 root root       21 Jun 23 04:57 /usr/local/lib/libfastdds.so.3.6 -> libfastdds.so.3.6.1.0
-rw-r--r-- 1 root root 14694112 Jun 23 04:57 /usr/local/lib/libfastdds.so.3.6.1.0
